<?xml version="1.0" encoding="UTF-8"?>
<!-- Generated by org.testng.reporters.JUnitReportReporter -->
<testsuite hostname="DESKTOP-ELAAC43" failures="0" tests="2" name="ru.rencredit.FirstTest" time="7.927" errors="0" timestamp="23 мая 2019 18:44:28 GMT" skipped="0">
  <testcase classname="ru.rencredit.FirstTest" name="createDeposit" time="4.473"/>
  <testcase classname="ru.rencredit.FirstTest" name="getCard" time="3.454"/>
</testsuite> <!-- ru.rencredit.FirstTest -->
